<?xml version="1.0" encoding="UTF-8" ?>
<testsuite errors="0" failures="0" hostname="compucter" name="HitCheckerTest" skipped="0" tests="21" time="0.051" timestamp="2021-05-31T20:37:45">
  <properties>
[...]
</properties>
  <testcase classname="HitCheckerTest" name="insideCircle" time="0.022" />
  <testcase classname="HitCheckerTest" name="triangleOYPointOne" time="0.001" />
  <testcase classname="HitCheckerTest" name="triangleOYPointTwo" time="0.0" />
  <testcase classname="HitCheckerTest" name="squareRRPoint" time="0.0" />
  <testcase classname="HitCheckerTest" name="squareRYPointOne" time="0.0" />
  <testcase classname="HitCheckerTest" name="insideSquare" time="0.001" />
  <testcase classname="HitCheckerTest" name="triangleEdgePoint" time="0.0" />
  <testcase classname="HitCheckerTest" name="squareOYPointOne" time="0.0" />
  <testcase classname="HitCheckerTest" name="squareOYPointTwo" time="0.0" />
  <testcase classname="HitCheckerTest" name="outsideCircle" time="0.0" />
  <testcase classname="HitCheckerTest" name="insideTriangle" time="0.0" />
  <testcase classname="HitCheckerTest" name="outsideSquare" time="0.001" />
  <testcase classname="HitCheckerTest" name="triangleOXPointOne" time="0.0" />
  <testcase classname="HitCheckerTest" name="outsideTriangle" time="0.0" />
  <testcase classname="HitCheckerTest" name="pointOne" time="0.0" />
  <testcase classname="HitCheckerTest" name="pointTwo" time="0.001" />
  <testcase classname="HitCheckerTest" name="squareOXPointOne" time="0.0" />
  <testcase classname="HitCheckerTest" name="squareOXPointTwo" time="0.0" />
  <testcase classname="HitCheckerTest" name="circleEdgePoint" time="0.0" />
  <testcase classname="HitCheckerTest" name="squareXRPointOne" time="0.0" />
  <testcase classname="HitCheckerTest" name="originCheck" time="0.001" />
  <system-out><![CDATA[ru RU
]]></system-out>
  <system-err><![CDATA[]]></system-err>
</testsuite>
